<?xml version="1.0" encoding="UTF-8"?>
<!-- Generated by org.testng.reporters.JUnitXMLReporter -->
<testsuite ignored="0" hostname="USER-PC" failures="0" tests="5" name="Default test" time="8.763" errors="0" timestamp="2023-01-14T14:57:26 IST">
  <testcase classname="vedioGameAPI.TC_VideoGameAPITest" name="TC_getAllVedeoGames" time="4.22"/>
  <testcase classname="vedioGameAPI.TC_VideoGameAPITest" name="TC_addNewVideoGame" time="1.264"/>
  <testcase classname="vedioGameAPI.TC_VideoGameAPITest" name="getVeiwGame" time="2.759"/>
  <testcase classname="vedioGameAPI.TC_VideoGameAPITest" name="test_putForUpdateData" time="0.28"/>
  <testcase classname="vedioGameAPI.TC_VideoGameAPITest" name="test_DeleteVideoGame" time="0.084"/>
</testsuite> <!-- Default test -->
