<?xml version="1.0" encoding="UTF-8"?>
<!-- Generated by org.testng.reporters.JUnitXMLReporter -->
<testsuite ignored="0" hostname="USER-PC" failures="0" tests="5" name="Test" time="21.33" errors="0" timestamp="2023-01-14T15:01:11 IST">
  <testcase classname="vedioGameAPI.TC_VideoGameAPITest" name="TC_getAllVedeoGames" time="11.978"/>
  <testcase classname="vedioGameAPI.TC_VideoGameAPITest" name="TC_addNewVideoGame" time="3.146"/>
  <testcase classname="vedioGameAPI.TC_VideoGameAPITest" name="getVeiwGame" time="4.494"/>
  <testcase classname="vedioGameAPI.TC_VideoGameAPITest" name="test_putForUpdateData" time="0.884"/>
  <testcase classname="vedioGameAPI.TC_VideoGameAPITest" name="test_DeleteVideoGame" time="0.427"/>
</testsuite> <!-- Test -->
