<?xml version="1.0" encoding="UTF-8"?>
<!-- Generated by org.testng.reporters.JUnitXMLReporter -->
<testsuite ignored="0" hostname="USER-PC" failures="0" tests="5" name="Test" time="23.784" errors="0" timestamp="2023-01-14T15:30:15 IST">
  <testcase classname="vedioGameAPI.TC_VideoGameAPITest" name="test_getAllVedeoGames" time="12.419"/>
  <testcase classname="vedioGameAPI.TC_VideoGameAPITest" name="test_addNewVideoGame" time="4.012"/>
  <testcase classname="vedioGameAPI.TC_VideoGameAPITest" name="test_getVeiwGame" time="6.093"/>
  <testcase classname="vedioGameAPI.TC_VideoGameAPITest" name="test_putForUpdateData" time="0.327"/>
  <testcase classname="vedioGameAPI.TC_VideoGameAPITest" name="test_DeleteVideoGame" time="0.166"/>
</testsuite> <!-- Test -->
