<?xml version="1.0" encoding="UTF-8"?>
<testsuite xmlns:xsi="http://www.w3.org/2001/XMLSchema-instance" xsi:noNamespaceSchemaLocation="https://maven.apache.org/surefire/maven-surefire-plugin/xsd/surefire-test-report.xsd" name="TestSuite" time="28.615" tests="5" errors="0" skipped="0" failures="0">
  <properties>
[...]
</properties>
  <testcase name="test_getAllVedeoGames" classname="vedioGameAPI.TC_VideoGameAPITest" time="12.471"/>
  <testcase name="test_addNewVideoGame" classname="vedioGameAPI.TC_VideoGameAPITest" time="4.014"/>
  <testcase name="test_getVeiwGame" classname="vedioGameAPI.TC_VideoGameAPITest" time="6.095"/>
  <testcase name="test_putForUpdateData" classname="vedioGameAPI.TC_VideoGameAPITest" time="0.325"/>
  <testcase name="test_DeleteVideoGame" classname="vedioGameAPI.TC_VideoGameAPITest" time="0.166"/>
</testsuite>