<?xml version="1.0" encoding="UTF-8"?>
<testng-results ignored="0" total="5" passed="5" failed="0" skipped="0">
  <reporter-output>
  </reporter-output>
  <suite started-at="2023-01-14T15:29:51 IST" name="Suite" finished-at="2023-01-14T15:30:15 IST" duration-ms="23784">
    <groups>
    </groups>
    <test started-at="2023-01-14T15:29:51 IST" name="Test" finished-at="2023-01-14T15:30:15 IST" duration-ms="23784">
      <class name="vedioGameAPI.TC_VideoGameAPITest">
        <test-method signature="test_getAllVedeoGames()[pri:1, instance:vedioGameAPI.TC_VideoGameAPITest@223aa2f7]" started-at="2023-01-14T15:29:52 IST" name="test_getAllVedeoGames" finished-at="2023-01-14T15:30:04 IST" duration-ms="12419" status="PASS">
          <reporter-output>
          </reporter-output>
        </test-method> <!-- test_getAllVedeoGames -->
        <test-method signature="test_addNewVideoGame()[pri:2, instance:vedioGameAPI.TC_VideoGameAPITest@223aa2f7]" started-at="2023-01-14T15:30:04 IST" name="test_addNewVideoGame" finished-at="2023-01-14T15:30:08 IST" duration-ms="4012" status="PASS">
          <reporter-output>
          </reporter-output>
        </test-method> <!-- test_addNewVideoGame -->
        <test-method signature="test_getVeiwGame()[pri:3, instance:vedioGameAPI.TC_VideoGameAPITest@223aa2f7]" started-at="2023-01-14T15:30:08 IST" name="test_getVeiwGame" finished-at="2023-01-14T15:30:14 IST" duration-ms="6093" status="PASS">
          <reporter-output>
          </reporter-output>
        </test-method> <!-- test_getVeiwGame -->
        <test-method signature="test_putForUpdateData()[pri:4, instance:vedioGameAPI.TC_VideoGameAPITest@223aa2f7]" started-at="2023-01-14T15:30:14 IST" name="test_putForUpdateData" finished-at="2023-01-14T15:30:15 IST" duration-ms="327" status="PASS">
          <reporter-output>
          </reporter-output>
        </test-method> <!-- test_putForUpdateData -->
        <test-method signature="test_DeleteVideoGame()[pri:5, instance:vedioGameAPI.TC_VideoGameAPITest@223aa2f7]" started-at="2023-01-14T15:30:15 IST" name="test_DeleteVideoGame" finished-at="2023-01-14T15:30:15 IST" duration-ms="166" status="PASS">
          <reporter-output>
          </reporter-output>
        </test-method> <!-- test_DeleteVideoGame -->
      </class> <!-- vedioGameAPI.TC_VideoGameAPITest -->
    </test> <!-- Test -->
  </suite> <!-- Suite -->
</testng-results>
