<?xml version="1.0" encoding="UTF-8"?>
<testng-results ignored="0" total="5" passed="5" failed="0" skipped="0">
  <reporter-output>
  </reporter-output>
  <suite started-at="2023-01-14T15:00:50 IST" name="Suite" finished-at="2023-01-14T15:01:11 IST" duration-ms="21330">
    <groups>
    </groups>
    <test started-at="2023-01-14T15:00:50 IST" name="Test" finished-at="2023-01-14T15:01:11 IST" duration-ms="21330">
      <class name="vedioGameAPI.TC_VideoGameAPITest">
        <test-method signature="TC_getAllVedeoGames()[pri:1, instance:vedioGameAPI.TC_VideoGameAPITest@2b91004a]" started-at="2023-01-14T15:00:50 IST" name="TC_getAllVedeoGames" finished-at="2023-01-14T15:01:02 IST" duration-ms="11978" status="PASS">
          <reporter-output>
          </reporter-output>
        </test-method> <!-- TC_getAllVedeoGames -->
        <test-method signature="TC_addNewVideoGame()[pri:2, instance:vedioGameAPI.TC_VideoGameAPITest@2b91004a]" started-at="2023-01-14T15:01:02 IST" name="TC_addNewVideoGame" finished-at="2023-01-14T15:01:05 IST" duration-ms="3146" status="PASS">
          <reporter-output>
          </reporter-output>
        </test-method> <!-- TC_addNewVideoGame -->
        <test-method signature="getVeiwGame()[pri:3, instance:vedioGameAPI.TC_VideoGameAPITest@2b91004a]" started-at="2023-01-14T15:01:05 IST" name="getVeiwGame" finished-at="2023-01-14T15:01:10 IST" duration-ms="4494" status="PASS">
          <reporter-output>
          </reporter-output>
        </test-method> <!-- getVeiwGame -->
        <test-method signature="test_putForUpdateData()[pri:4, instance:vedioGameAPI.TC_VideoGameAPITest@2b91004a]" started-at="2023-01-14T15:01:10 IST" name="test_putForUpdateData" finished-at="2023-01-14T15:01:11 IST" duration-ms="884" status="PASS">
          <reporter-output>
          </reporter-output>
        </test-method> <!-- test_putForUpdateData -->
        <test-method signature="test_DeleteVideoGame()[pri:5, instance:vedioGameAPI.TC_VideoGameAPITest@2b91004a]" started-at="2023-01-14T15:01:11 IST" name="test_DeleteVideoGame" finished-at="2023-01-14T15:01:11 IST" duration-ms="427" status="PASS">
          <reporter-output>
          </reporter-output>
        </test-method> <!-- test_DeleteVideoGame -->
      </class> <!-- vedioGameAPI.TC_VideoGameAPITest -->
    </test> <!-- Test -->
  </suite> <!-- Suite -->
</testng-results>
